<?xml version="1.0" encoding="UTF-8"?>
<!-- Generated by org.testng.reporters.JUnitReportReporter -->
<testsuite skipped="0" hostname="DESKTOP-ROTR67B" name="Testframework.FirstCase" tests="4" failures="0" timestamp="2020-04-30T13:35:21 IST" time="0.016" errors="0">
  <testcase name="fc" time="0.002" classname="Testframework.FirstCase"/>
  <system-out/>
  <testcase name="TC" time="0.003" classname="Testframework.FirstCase"/>
  <system-out/>
  <testcase name="SC" time="0.009" classname="Testframework.FirstCase"/>
  <system-out/>
  <testcase name="FC" time="0.002" classname="Testframework.FirstCase"/>
  <system-out/>
</testsuite> <!-- Testframework.FirstCase -->
