<?xml version="1.0" encoding="UTF-8"?>
<!-- Generated by org.testng.reporters.JUnitReportReporter -->
<testsuite skipped="0" hostname="DESKTOP-ROTR67B" name="Testframework.HardAssert" tests="3" failures="0" timestamp="2020-05-01T20:05:08 IST" time="0.015" errors="0">
  <testcase name="HD2" time="0.002" classname="Testframework.HardAssert"/>
  <system-out/>
  <testcase name="HD3" time="0.002" classname="Testframework.HardAssert"/>
  <system-out/>
  <testcase name="HD1" time="0.011" classname="Testframework.HardAssert"/>
  <system-out/>
</testsuite> <!-- Testframework.HardAssert -->
