<?xml version="1.0" encoding="UTF-8"?>
<!-- Generated by org.testng.reporters.JUnitReportReporter -->
<testsuite skipped="0" hostname="DESKTOP-ROTR67B" name="Testframework.NewTest" tests="1" failures="0" timestamp="2020-05-03T17:47:45 IST" time="28.247" errors="0">
  <testcase name="verifyingpagetitle" time="28.247" classname="Testframework.NewTest"/>
  <system-out/>
</testsuite> <!-- Testframework.NewTest -->
