<?xml version="1.0" encoding="UTF-8"?>
<!-- Generated by org.testng.reporters.JUnitReportReporter -->
<testsuite skipped="0" hostname="DESKTOP-ROTR67B" name="Testframework.DependencyCase" tests="3" failures="0" timestamp="2020-05-03T17:46:31 IST" time="0.024" errors="0">
  <testcase name="loginApp" time="0.003" classname="Testframework.DependencyCase"/>
  <system-out/>
  <testcase name="logoutApp" time="0.001" classname="Testframework.DependencyCase"/>
  <system-out/>
  <testcase name="startApp" time="0.020" classname="Testframework.DependencyCase"/>
  <system-out/>
</testsuite> <!-- Testframework.DependencyCase -->
