<?xml version="1.0" encoding="UTF-8"?>
<!-- Generated by org.testng.reporters.JUnitReportReporter -->
<testsuite skipped="0" hostname="DESKTOP-ROTR67B" name="SoftAssert.SoftAssertmethod" tests="2" failures="0" timestamp="2020-05-01T20:12:17 IST" time="0.021" errors="0">
  <testcase name="HD1" time="0.019" classname="SoftAssert.SoftAssertmethod"/>
  <system-out/>
  <testcase name="HD2" time="0.002" classname="SoftAssert.SoftAssertmethod"/>
  <system-out/>
</testsuite> <!-- SoftAssert.SoftAssertmethod -->
